<?xml version="1.0" encoding="UTF-8"?>
<testsuite name="org.example.scanner.FunctionRegistryTest" tests="8" skipped="0" failures="0" errors="0" timestamp="2026-06-17T08:44:52.352Z" hostname="DESKTOP-GI7CKM7" time="0.044">
  <properties/>
  <testcase name="findsFunction(Path)" classname="org.example.scanner.FunctionRegistryTest" time="0.005"/>
  <testcase name="returnsEmptyForUnknownFunction(Path)" classname="org.example.scanner.FunctionRegistryTest" time="0.003"/>
  <testcase name="resolvesOverloadedFunction(Path)" classname="org.example.scanner.FunctionRegistryTest" time="0.005"/>
  <testcase name="matchesCollectionToPrimitivePointer(Path)" classname="org.example.scanner.FunctionRegistryTest" time="0.005"/>
  <testcase name="returnsEmptyForWrongCustomObject(Path)" classname="org.example.scanner.FunctionRegistryTest" time="0.005"/>
  <testcase name="scansMultipleFiles(Path)" classname="org.example.scanner.FunctionRegistryTest" time="0.007"/>
  <testcase name="matchesCustomObjectToPointer(Path)" classname="org.example.scanner.FunctionRegistryTest" time="0.005"/>
  <testcase name="returnsEmptyForWrongArgTypes(Path)" classname="org.example.scanner.FunctionRegistryTest" time="0.005"/>
  <system-out><![CDATA[SIG for 'int add(int a, int b)': Optional[FunctionSignature[name=add, returnType=int, paramTypes=[int, int]]]
[MITE] Change in cppScripts — rescan...
[MITE] Change in cppScripts — rescan...
SIG for 'int add(int a, int b)': Optional[FunctionSignature[name=add, returnType=int, paramTypes=[int, int]]]
SIG for 'double add(double a, double b)': Optional[FunctionSignature[name=add, returnType=double, paramTypes=[double, double]]]
[MITE] Change in cppScripts — rescan...
[MITE] Change in cppScripts — rescan...
SIG for 'int sumArray(int* arr, int size)': Optional[FunctionSignature[name=sumArray, returnType=int, paramTypes=[int*, int]]]
[MITE] Change in cppScripts — rescan...
SIG for 'void process(TestUser* user)': Optional[FunctionSignature[name=process, returnType=void, paramTypes=[TestUser*]]]
[MITE] Change in cppScripts — rescan...
SIG for 'int add(int a, int b)': Optional[FunctionSignature[name=add, returnType=int, paramTypes=[int, int]]]
SIG for 'const char* greet(const char* name)': Optional[FunctionSignature[name=greet, returnType=const char*, paramTypes=[const char*]]]
[MITE] Change in cppScripts — rescan...
SIG for 'void process(TestUser* user)': Optional[FunctionSignature[name=process, returnType=void, paramTypes=[TestUser*]]]
[MITE] Change in cppScripts — rescan...
SIG for 'int add(int a, int b)': Optional[FunctionSignature[name=add, returnType=int, paramTypes=[int, int]]]
[MITE] Change in cppScripts — rescan...
[MITE] Change in cppScripts — rescan...
]]></system-out>
  <system-err><![CDATA[]]></system-err>
</testsuite>
