<?xml version="1.0" encoding="UTF-8"?>
<testsuite name="org.example.engine.CppEngineIntegrationTest" tests="28" skipped="0" failures="0" errors="0" timestamp="2026-06-17T08:44:52.116Z" hostname="DESKTOP-GI7CKM7" time="0.18">
  <properties/>
  <testcase name="emptyStringPassthrough()" classname="org.example.engine.CppEngineIntegrationTest" time="0.012"/>
  <testcase name="throwsOnWrongArgCount()" classname="org.example.engine.CppEngineIntegrationTest" time="0.009"/>
  <testcase name="helperFunctionNotExposed()" classname="org.example.engine.CppEngineIntegrationTest" time="0.005"/>
  <testcase name="throwsOnWrongArgTypes()" classname="org.example.engine.CppEngineIntegrationTest" time="0.005"/>
  <testcase name="greetEmptyName()" classname="org.example.engine.CppEngineIntegrationTest" time="0.006"/>
  <testcase name="greetString()" classname="org.example.engine.CppEngineIntegrationTest" time="0.005"/>
  <testcase name="stringPassthrough()" classname="org.example.engine.CppEngineIntegrationTest" time="0.005"/>
  <testcase name="addZero()" classname="org.example.engine.CppEngineIntegrationTest" time="0.009"/>
  <testcase name="hypotenuseUsingStdlib()" classname="org.example.engine.CppEngineIntegrationTest" time="0.01"/>
  <testcase name="isPositiveTrue()" classname="org.example.engine.CppEngineIntegrationTest" time="0.009"/>
  <testcase name="isPositiveZero()" classname="org.example.engine.CppEngineIntegrationTest" time="0.005"/>
  <testcase name="addIntegers()" classname="org.example.engine.CppEngineIntegrationTest" time="0.005"/>
  <testcase name="addMaxInt()" classname="org.example.engine.CppEngineIntegrationTest" time="0.006"/>
  <testcase name="multiplyDoubles()" classname="org.example.engine.CppEngineIntegrationTest" time="0.006"/>
  <testcase name="throwsOnUnknownFunction()" classname="org.example.engine.CppEngineIntegrationTest" time="0.005"/>
  <testcase name="factorialBase()" classname="org.example.engine.CppEngineIntegrationTest" time="0.006"/>
  <testcase name="factorialZero()" classname="org.example.engine.CppEngineIntegrationTest" time="0.005"/>
  <testcase name="isPositiveFalse()" classname="org.example.engine.CppEngineIntegrationTest" time="0.004"/>
  <testcase name="multiplyNegative()" classname="org.example.engine.CppEngineIntegrationTest" time="0.005"/>
  <testcase name="factorialSmall()" classname="org.example.engine.CppEngineIntegrationTest" time="0.005"/>
  <testcase name="cacheWorksOnSecondCall()" classname="org.example.engine.CppEngineIntegrationTest" time="0.005"/>
  <testcase name="greetLongName()" classname="org.example.engine.CppEngineIntegrationTest" time="0.006"/>
  <testcase name="multiplyByZero()" classname="org.example.engine.CppEngineIntegrationTest" time="0.005"/>
  <testcase name="voidFunctionReturnsNull()" classname="org.example.engine.CppEngineIntegrationTest" time="0.008"/>
  <testcase name="sumOfSquaresWithZero()" classname="org.example.engine.CppEngineIntegrationTest" time="0.005"/>
  <testcase name="sumOfSquaresCallsHelper()" classname="org.example.engine.CppEngineIntegrationTest" time="0.005"/>
  <testcase name="addNegativeIntegers()" classname="org.example.engine.CppEngineIntegrationTest" time="0.004"/>
  <testcase name="hypotenuseWithZero()" classname="org.example.engine.CppEngineIntegrationTest" time="0.004"/>
  <system-out><![CDATA[SIG for 'int add(int a, int b)': Optional[FunctionSignature[name=add, returnType=int, paramTypes=[int, int]]]
SIG for 'double multiply(double a, double b)': Optional[FunctionSignature[name=multiply, returnType=double, paramTypes=[double, double]]]
SIG for 'bool isPositive(int n)': Optional[FunctionSignature[name=isPositive, returnType=bool, paramTypes=[int]]]
SIG for 'const char* greet(const char* name)': Optional[FunctionSignature[name=greet, returnType=const char*, paramTypes=[const char*]]]
SIG for 'int sumOfSquares(int a, int b)': Optional[FunctionSignature[name=sumOfSquares, returnType=int, paramTypes=[int, int]]]
SIG for 'double hypotenuse(double a, double b)': Optional[FunctionSignature[name=hypotenuse, returnType=double, paramTypes=[double, double]]]
SIG for 'int factorial(int n)': Optional[FunctionSignature[name=factorial, returnType=int, paramTypes=[int]]]
SIG for 'const char* emptyString(const char* s)': Optional[FunctionSignature[name=emptyString, returnType=const char*, paramTypes=[const char*]]]
SIG for 'void noReturn()': Optional[FunctionSignature[name=noReturn, returnType=void, paramTypes=[]]]
SIG for 'int add(int a, int b)': Optional[FunctionSignature[name=add, returnType=int, paramTypes=[int, int]]]
SIG for 'double multiply(double a, double b)': Optional[FunctionSignature[name=multiply, returnType=double, paramTypes=[double, double]]]
SIG for 'bool isPositive(int n)': Optional[FunctionSignature[name=isPositive, returnType=bool, paramTypes=[int]]]
SIG for 'const char* greet(const char* name)': Optional[FunctionSignature[name=greet, returnType=const char*, paramTypes=[const char*]]]
SIG for 'int sumOfSquares(int a, int b)': Optional[FunctionSignature[name=sumOfSquares, returnType=int, paramTypes=[int, int]]]
SIG for 'double hypotenuse(double a, double b)': Optional[FunctionSignature[name=hypotenuse, returnType=double, paramTypes=[double, double]]]
SIG for 'int factorial(int n)': Optional[FunctionSignature[name=factorial, returnType=int, paramTypes=[int]]]
SIG for 'const char* emptyString(const char* s)': Optional[FunctionSignature[name=emptyString, returnType=const char*, paramTypes=[const char*]]]
SIG for 'void noReturn()': Optional[FunctionSignature[name=noReturn, returnType=void, paramTypes=[]]]
SIG for 'int add(int a, int b)': Optional[FunctionSignature[name=add, returnType=int, paramTypes=[int, int]]]
SIG for 'double multiply(double a, double b)': Optional[FunctionSignature[name=multiply, returnType=double, paramTypes=[double, double]]]
SIG for 'bool isPositive(int n)': Optional[FunctionSignature[name=isPositive, returnType=bool, paramTypes=[int]]]
SIG for 'const char* greet(const char* name)': Optional[FunctionSignature[name=greet, returnType=const char*, paramTypes=[const char*]]]
SIG for 'int sumOfSquares(int a, int b)': Optional[FunctionSignature[name=sumOfSquares, returnType=int, paramTypes=[int, int]]]
SIG for 'double hypotenuse(double a, double b)': Optional[FunctionSignature[name=hypotenuse, returnType=double, paramTypes=[double, double]]]
SIG for 'int factorial(int n)': Optional[FunctionSignature[name=factorial, returnType=int, paramTypes=[int]]]
SIG for 'const char* emptyString(const char* s)': Optional[FunctionSignature[name=emptyString, returnType=const char*, paramTypes=[const char*]]]
SIG for 'void noReturn()': Optional[FunctionSignature[name=noReturn, returnType=void, paramTypes=[]]]
SIG for 'int add(int a, int b)': Optional[FunctionSignature[name=add, returnType=int, paramTypes=[int, int]]]
SIG for 'double multiply(double a, double b)': Optional[FunctionSignature[name=multiply, returnType=double, paramTypes=[double, double]]]
SIG for 'bool isPositive(int n)': Optional[FunctionSignature[name=isPositive, returnType=bool, paramTypes=[int]]]
SIG for 'const char* greet(const char* name)': Optional[FunctionSignature[name=greet, returnType=const char*, paramTypes=[const char*]]]
SIG for 'int sumOfSquares(int a, int b)': Optional[FunctionSignature[name=sumOfSquares, returnType=int, paramTypes=[int, int]]]
SIG for 'double hypotenuse(double a, double b)': Optional[FunctionSignature[name=hypotenuse, returnType=double, paramTypes=[double, double]]]
SIG for 'int factorial(int n)': Optional[FunctionSignature[name=factorial, returnType=int, paramTypes=[int]]]
SIG for 'const char* emptyString(const char* s)': Optional[FunctionSignature[name=emptyString, returnType=const char*, paramTypes=[const char*]]]
SIG for 'void noReturn()': Optional[FunctionSignature[name=noReturn, returnType=void, paramTypes=[]]]
SIG for 'int add(int a, int b)': Optional[FunctionSignature[name=add, returnType=int, paramTypes=[int, int]]]
SIG for 'double multiply(double a, double b)': Optional[FunctionSignature[name=multiply, returnType=double, paramTypes=[double, double]]]
SIG for 'bool isPositive(int n)': Optional[FunctionSignature[name=isPositive, returnType=bool, paramTypes=[int]]]
SIG for 'const char* greet(const char* name)': Optional[FunctionSignature[name=greet, returnType=const char*, paramTypes=[const char*]]]
SIG for 'int sumOfSquares(int a, int b)': Optional[FunctionSignature[name=sumOfSquares, returnType=int, paramTypes=[int, int]]]
SIG for 'double hypotenuse(double a, double b)': Optional[FunctionSignature[name=hypotenuse, returnType=double, paramTypes=[double, double]]]
SIG for 'int factorial(int n)': Optional[FunctionSignature[name=factorial, returnType=int, paramTypes=[int]]]
SIG for 'const char* emptyString(const char* s)': Optional[FunctionSignature[name=emptyString, returnType=const char*, paramTypes=[const char*]]]
SIG for 'void noReturn()': Optional[FunctionSignature[name=noReturn, returnType=void, paramTypes=[]]]
SIG for 'int add(int a, int b)': Optional[FunctionSignature[name=add, returnType=int, paramTypes=[int, int]]]
SIG for 'double multiply(double a, double b)': Optional[FunctionSignature[name=multiply, returnType=double, paramTypes=[double, double]]]
SIG for 'bool isPositive(int n)': Optional[FunctionSignature[name=isPositive, returnType=bool, paramTypes=[int]]]
SIG for 'const char* greet(const char* name)': Optional[FunctionSignature[name=greet, returnType=const char*, paramTypes=[const char*]]]
SIG for 'int sumOfSquares(int a, int b)': Optional[FunctionSignature[name=sumOfSquares, returnType=int, paramTypes=[int, int]]]
SIG for 'double hypotenuse(double a, double b)': Optional[FunctionSignature[name=hypotenuse, returnType=double, paramTypes=[double, double]]]
SIG for 'int factorial(int n)': Optional[FunctionSignature[name=factorial, returnType=int, paramTypes=[int]]]
SIG for 'const char* emptyString(const char* s)': Optional[FunctionSignature[name=emptyString, returnType=const char*, paramTypes=[const char*]]]
SIG for 'void noReturn()': Optional[FunctionSignature[name=noReturn, returnType=void, paramTypes=[]]]
SIG for 'int add(int a, int b)': Optional[FunctionSignature[name=add, returnType=int, paramTypes=[int, int]]]
SIG for 'double multiply(double a, double b)': Optional[FunctionSignature[name=multiply, returnType=double, paramTypes=[double, double]]]
SIG for 'bool isPositive(int n)': Optional[FunctionSignature[name=isPositive, returnType=bool, paramTypes=[int]]]
SIG for 'const char* greet(const char* name)': Optional[FunctionSignature[name=greet, returnType=const char*, paramTypes=[const char*]]]
SIG for 'int sumOfSquares(int a, int b)': Optional[FunctionSignature[name=sumOfSquares, returnType=int, paramTypes=[int, int]]]
SIG for 'double hypotenuse(double a, double b)': Optional[FunctionSignature[name=hypotenuse, returnType=double, paramTypes=[double, double]]]
SIG for 'int factorial(int n)': Optional[FunctionSignature[name=factorial, returnType=int, paramTypes=[int]]]
SIG for 'const char* emptyString(const char* s)': Optional[FunctionSignature[name=emptyString, returnType=const char*, paramTypes=[const char*]]]
SIG for 'void noReturn()': Optional[FunctionSignature[name=noReturn, returnType=void, paramTypes=[]]]
SIG for 'int add(int a, int b)': Optional[FunctionSignature[name=add, returnType=int, paramTypes=[int, int]]]
SIG for 'double multiply(double a, double b)': Optional[FunctionSignature[name=multiply, returnType=double, paramTypes=[double, double]]]
SIG for 'bool isPositive(int n)': Optional[FunctionSignature[name=isPositive, returnType=bool, paramTypes=[int]]]
SIG for 'const char* greet(const char* name)': Optional[FunctionSignature[name=greet, returnType=const char*, paramTypes=[const char*]]]
SIG for 'int sumOfSquares(int a, int b)': Optional[FunctionSignature[name=sumOfSquares, returnType=int, paramTypes=[int, int]]]
SIG for 'double hypotenuse(double a, double b)': Optional[FunctionSignature[name=hypotenuse, returnType=double, paramTypes=[double, double]]]
SIG for 'int factorial(int n)': Optional[FunctionSignature[name=factorial, returnType=int, paramTypes=[int]]]
SIG for 'const char* emptyString(const char* s)': Optional[FunctionSignature[name=emptyString, returnType=const char*, paramTypes=[const char*]]]
SIG for 'void noReturn()': Optional[FunctionSignature[name=noReturn, returnType=void, paramTypes=[]]]
SIG for 'int add(int a, int b)': Optional[FunctionSignature[name=add, returnType=int, paramTypes=[int, int]]]
SIG for 'double multiply(double a, double b)': Optional[FunctionSignature[name=multiply, returnType=double, paramTypes=[double, double]]]
SIG for 'bool isPositive(int n)': Optional[FunctionSignature[name=isPositive, returnType=bool, paramTypes=[int]]]
SIG for 'const char* greet(const char* name)': Optional[FunctionSignature[name=greet, returnType=const char*, paramTypes=[const char*]]]
SIG for 'int sumOfSquares(int a, int b)': Optional[FunctionSignature[name=sumOfSquares, returnType=int, paramTypes=[int, int]]]
SIG for 'double hypotenuse(double a, double b)': Optional[FunctionSignature[name=hypotenuse, returnType=double, paramTypes=[double, double]]]
SIG for 'int factorial(int n)': Optional[FunctionSignature[name=factorial, returnType=int, paramTypes=[int]]]
SIG for 'const char* emptyString(const char* s)': Optional[FunctionSignature[name=emptyString, returnType=const char*, paramTypes=[const char*]]]
SIG for 'void noReturn()': Optional[FunctionSignature[name=noReturn, returnType=void, paramTypes=[]]]
SIG for 'int add(int a, int b)': Optional[FunctionSignature[name=add, returnType=int, paramTypes=[int, int]]]
SIG for 'double multiply(double a, double b)': Optional[FunctionSignature[name=multiply, returnType=double, paramTypes=[double, double]]]
SIG for 'bool isPositive(int n)': Optional[FunctionSignature[name=isPositive, returnType=bool, paramTypes=[int]]]
SIG for 'const char* greet(const char* name)': Optional[FunctionSignature[name=greet, returnType=const char*, paramTypes=[const char*]]]
SIG for 'int sumOfSquares(int a, int b)': Optional[FunctionSignature[name=sumOfSquares, returnType=int, paramTypes=[int, int]]]
SIG for 'double hypotenuse(double a, double b)': Optional[FunctionSignature[name=hypotenuse, returnType=double, paramTypes=[double, double]]]
SIG for 'int factorial(int n)': Optional[FunctionSignature[name=factorial, returnType=int, paramTypes=[int]]]
SIG for 'const char* emptyString(const char* s)': Optional[FunctionSignature[name=emptyString, returnType=const char*, paramTypes=[const char*]]]
SIG for 'void noReturn()': Optional[FunctionSignature[name=noReturn, returnType=void, paramTypes=[]]]
SIG for 'int add(int a, int b)': Optional[FunctionSignature[name=add, returnType=int, paramTypes=[int, int]]]
SIG for 'double multiply(double a, double b)': Optional[FunctionSignature[name=multiply, returnType=double, paramTypes=[double, double]]]
SIG for 'bool isPositive(int n)': Optional[FunctionSignature[name=isPositive, returnType=bool, paramTypes=[int]]]
SIG for 'const char* greet(const char* name)': Optional[FunctionSignature[name=greet, returnType=const char*, paramTypes=[const char*]]]
SIG for 'int sumOfSquares(int a, int b)': Optional[FunctionSignature[name=sumOfSquares, returnType=int, paramTypes=[int, int]]]
SIG for 'double hypotenuse(double a, double b)': Optional[FunctionSignature[name=hypotenuse, returnType=double, paramTypes=[double, double]]]
SIG for 'int factorial(int n)': Optional[FunctionSignature[name=factorial, returnType=int, paramTypes=[int]]]
SIG for 'const char* emptyString(const char* s)': Optional[FunctionSignature[name=emptyString, returnType=const char*, paramTypes=[const char*]]]
SIG for 'void noReturn()': Optional[FunctionSignature[name=noReturn, returnType=void, paramTypes=[]]]
SIG for 'int add(int a, int b)': Optional[FunctionSignature[name=add, returnType=int, paramTypes=[int, int]]]
SIG for 'double multiply(double a, double b)': Optional[FunctionSignature[name=multiply, returnType=double, paramTypes=[double, double]]]
SIG for 'bool isPositive(int n)': Optional[FunctionSignature[name=isPositive, returnType=bool, paramTypes=[int]]]
SIG for 'const char* greet(const char* name)': Optional[FunctionSignature[name=greet, returnType=const char*, paramTypes=[const char*]]]
SIG for 'int sumOfSquares(int a, int b)': Optional[FunctionSignature[name=sumOfSquares, returnType=int, paramTypes=[int, int]]]
SIG for 'double hypotenuse(double a, double b)': Optional[FunctionSignature[name=hypotenuse, returnType=double, paramTypes=[double, double]]]
SIG for 'int factorial(int n)': Optional[FunctionSignature[name=factorial, returnType=int, paramTypes=[int]]]
SIG for 'const char* emptyString(const char* s)': Optional[FunctionSignature[name=emptyString, returnType=const char*, paramTypes=[const char*]]]
SIG for 'void noReturn()': Optional[FunctionSignature[name=noReturn, returnType=void, paramTypes=[]]]
SIG for 'int add(int a, int b)': Optional[FunctionSignature[name=add, returnType=int, paramTypes=[int, int]]]
SIG for 'double multiply(double a, double b)': Optional[FunctionSignature[name=multiply, returnType=double, paramTypes=[double, double]]]
SIG for 'bool isPositive(int n)': Optional[FunctionSignature[name=isPositive, returnType=bool, paramTypes=[int]]]
SIG for 'const char* greet(const char* name)': Optional[FunctionSignature[name=greet, returnType=const char*, paramTypes=[const char*]]]
SIG for 'int sumOfSquares(int a, int b)': Optional[FunctionSignature[name=sumOfSquares, returnType=int, paramTypes=[int, int]]]
SIG for 'double hypotenuse(double a, double b)': Optional[FunctionSignature[name=hypotenuse, returnType=double, paramTypes=[double, double]]]
SIG for 'int factorial(int n)': Optional[FunctionSignature[name=factorial, returnType=int, paramTypes=[int]]]
SIG for 'const char* emptyString(const char* s)': Optional[FunctionSignature[name=emptyString, returnType=const char*, paramTypes=[const char*]]]
SIG for 'void noReturn()': Optional[FunctionSignature[name=noReturn, returnType=void, paramTypes=[]]]
SIG for 'int add(int a, int b)': Optional[FunctionSignature[name=add, returnType=int, paramTypes=[int, int]]]
SIG for 'double multiply(double a, double b)': Optional[FunctionSignature[name=multiply, returnType=double, paramTypes=[double, double]]]
SIG for 'bool isPositive(int n)': Optional[FunctionSignature[name=isPositive, returnType=bool, paramTypes=[int]]]
SIG for 'const char* greet(const char* name)': Optional[FunctionSignature[name=greet, returnType=const char*, paramTypes=[const char*]]]
SIG for 'int sumOfSquares(int a, int b)': Optional[FunctionSignature[name=sumOfSquares, returnType=int, paramTypes=[int, int]]]
SIG for 'double hypotenuse(double a, double b)': Optional[FunctionSignature[name=hypotenuse, returnType=double, paramTypes=[double, double]]]
SIG for 'int factorial(int n)': Optional[FunctionSignature[name=factorial, returnType=int, paramTypes=[int]]]
SIG for 'const char* emptyString(const char* s)': Optional[FunctionSignature[name=emptyString, returnType=const char*, paramTypes=[const char*]]]
SIG for 'void noReturn()': Optional[FunctionSignature[name=noReturn, returnType=void, paramTypes=[]]]
SIG for 'int add(int a, int b)': Optional[FunctionSignature[name=add, returnType=int, paramTypes=[int, int]]]
SIG for 'double multiply(double a, double b)': Optional[FunctionSignature[name=multiply, returnType=double, paramTypes=[double, double]]]
SIG for 'bool isPositive(int n)': Optional[FunctionSignature[name=isPositive, returnType=bool, paramTypes=[int]]]
SIG for 'const char* greet(const char* name)': Optional[FunctionSignature[name=greet, returnType=const char*, paramTypes=[const char*]]]
SIG for 'int sumOfSquares(int a, int b)': Optional[FunctionSignature[name=sumOfSquares, returnType=int, paramTypes=[int, int]]]
SIG for 'double hypotenuse(double a, double b)': Optional[FunctionSignature[name=hypotenuse, returnType=double, paramTypes=[double, double]]]
SIG for 'int factorial(int n)': Optional[FunctionSignature[name=factorial, returnType=int, paramTypes=[int]]]
SIG for 'const char* emptyString(const char* s)': Optional[FunctionSignature[name=emptyString, returnType=const char*, paramTypes=[const char*]]]
SIG for 'void noReturn()': Optional[FunctionSignature[name=noReturn, returnType=void, paramTypes=[]]]
SIG for 'int add(int a, int b)': Optional[FunctionSignature[name=add, returnType=int, paramTypes=[int, int]]]
SIG for 'double multiply(double a, double b)': Optional[FunctionSignature[name=multiply, returnType=double, paramTypes=[double, double]]]
SIG for 'bool isPositive(int n)': Optional[FunctionSignature[name=isPositive, returnType=bool, paramTypes=[int]]]
SIG for 'const char* greet(const char* name)': Optional[FunctionSignature[name=greet, returnType=const char*, paramTypes=[const char*]]]
SIG for 'int sumOfSquares(int a, int b)': Optional[FunctionSignature[name=sumOfSquares, returnType=int, paramTypes=[int, int]]]
SIG for 'double hypotenuse(double a, double b)': Optional[FunctionSignature[name=hypotenuse, returnType=double, paramTypes=[double, double]]]
SIG for 'int factorial(int n)': Optional[FunctionSignature[name=factorial, returnType=int, paramTypes=[int]]]
SIG for 'const char* emptyString(const char* s)': Optional[FunctionSignature[name=emptyString, returnType=const char*, paramTypes=[const char*]]]
SIG for 'void noReturn()': Optional[FunctionSignature[name=noReturn, returnType=void, paramTypes=[]]]
SIG for 'int add(int a, int b)': Optional[FunctionSignature[name=add, returnType=int, paramTypes=[int, int]]]
SIG for 'double multiply(double a, double b)': Optional[FunctionSignature[name=multiply, returnType=double, paramTypes=[double, double]]]
SIG for 'bool isPositive(int n)': Optional[FunctionSignature[name=isPositive, returnType=bool, paramTypes=[int]]]
SIG for 'const char* greet(const char* name)': Optional[FunctionSignature[name=greet, returnType=const char*, paramTypes=[const char*]]]
SIG for 'int sumOfSquares(int a, int b)': Optional[FunctionSignature[name=sumOfSquares, returnType=int, paramTypes=[int, int]]]
SIG for 'double hypotenuse(double a, double b)': Optional[FunctionSignature[name=hypotenuse, returnType=double, paramTypes=[double, double]]]
SIG for 'int factorial(int n)': Optional[FunctionSignature[name=factorial, returnType=int, paramTypes=[int]]]
SIG for 'const char* emptyString(const char* s)': Optional[FunctionSignature[name=emptyString, returnType=const char*, paramTypes=[const char*]]]
SIG for 'void noReturn()': Optional[FunctionSignature[name=noReturn, returnType=void, paramTypes=[]]]
SIG for 'int add(int a, int b)': Optional[FunctionSignature[name=add, returnType=int, paramTypes=[int, int]]]
SIG for 'double multiply(double a, double b)': Optional[FunctionSignature[name=multiply, returnType=double, paramTypes=[double, double]]]
SIG for 'bool isPositive(int n)': Optional[FunctionSignature[name=isPositive, returnType=bool, paramTypes=[int]]]
SIG for 'const char* greet(const char* name)': Optional[FunctionSignature[name=greet, returnType=const char*, paramTypes=[const char*]]]
SIG for 'int sumOfSquares(int a, int b)': Optional[FunctionSignature[name=sumOfSquares, returnType=int, paramTypes=[int, int]]]
SIG for 'double hypotenuse(double a, double b)': Optional[FunctionSignature[name=hypotenuse, returnType=double, paramTypes=[double, double]]]
SIG for 'int factorial(int n)': Optional[FunctionSignature[name=factorial, returnType=int, paramTypes=[int]]]
SIG for 'const char* emptyString(const char* s)': Optional[FunctionSignature[name=emptyString, returnType=const char*, paramTypes=[const char*]]]
SIG for 'void noReturn()': Optional[FunctionSignature[name=noReturn, returnType=void, paramTypes=[]]]
SIG for 'int add(int a, int b)': Optional[FunctionSignature[name=add, returnType=int, paramTypes=[int, int]]]
SIG for 'double multiply(double a, double b)': Optional[FunctionSignature[name=multiply, returnType=double, paramTypes=[double, double]]]
SIG for 'bool isPositive(int n)': Optional[FunctionSignature[name=isPositive, returnType=bool, paramTypes=[int]]]
SIG for 'const char* greet(const char* name)': Optional[FunctionSignature[name=greet, returnType=const char*, paramTypes=[const char*]]]
SIG for 'int sumOfSquares(int a, int b)': Optional[FunctionSignature[name=sumOfSquares, returnType=int, paramTypes=[int, int]]]
SIG for 'double hypotenuse(double a, double b)': Optional[FunctionSignature[name=hypotenuse, returnType=double, paramTypes=[double, double]]]
SIG for 'int factorial(int n)': Optional[FunctionSignature[name=factorial, returnType=int, paramTypes=[int]]]
SIG for 'const char* emptyString(const char* s)': Optional[FunctionSignature[name=emptyString, returnType=const char*, paramTypes=[const char*]]]
SIG for 'void noReturn()': Optional[FunctionSignature[name=noReturn, returnType=void, paramTypes=[]]]
SIG for 'int add(int a, int b)': Optional[FunctionSignature[name=add, returnType=int, paramTypes=[int, int]]]
SIG for 'double multiply(double a, double b)': Optional[FunctionSignature[name=multiply, returnType=double, paramTypes=[double, double]]]
SIG for 'bool isPositive(int n)': Optional[FunctionSignature[name=isPositive, returnType=bool, paramTypes=[int]]]
SIG for 'const char* greet(const char* name)': Optional[FunctionSignature[name=greet, returnType=const char*, paramTypes=[const char*]]]
SIG for 'int sumOfSquares(int a, int b)': Optional[FunctionSignature[name=sumOfSquares, returnType=int, paramTypes=[int, int]]]
SIG for 'double hypotenuse(double a, double b)': Optional[FunctionSignature[name=hypotenuse, returnType=double, paramTypes=[double, double]]]
SIG for 'int factorial(int n)': Optional[FunctionSignature[name=factorial, returnType=int, paramTypes=[int]]]
SIG for 'const char* emptyString(const char* s)': Optional[FunctionSignature[name=emptyString, returnType=const char*, paramTypes=[const char*]]]
SIG for 'void noReturn()': Optional[FunctionSignature[name=noReturn, returnType=void, paramTypes=[]]]
SIG for 'int add(int a, int b)': Optional[FunctionSignature[name=add, returnType=int, paramTypes=[int, int]]]
SIG for 'double multiply(double a, double b)': Optional[FunctionSignature[name=multiply, returnType=double, paramTypes=[double, double]]]
SIG for 'bool isPositive(int n)': Optional[FunctionSignature[name=isPositive, returnType=bool, paramTypes=[int]]]
SIG for 'const char* greet(const char* name)': Optional[FunctionSignature[name=greet, returnType=const char*, paramTypes=[const char*]]]
SIG for 'int sumOfSquares(int a, int b)': Optional[FunctionSignature[name=sumOfSquares, returnType=int, paramTypes=[int, int]]]
SIG for 'double hypotenuse(double a, double b)': Optional[FunctionSignature[name=hypotenuse, returnType=double, paramTypes=[double, double]]]
SIG for 'int factorial(int n)': Optional[FunctionSignature[name=factorial, returnType=int, paramTypes=[int]]]
SIG for 'const char* emptyString(const char* s)': Optional[FunctionSignature[name=emptyString, returnType=const char*, paramTypes=[const char*]]]
SIG for 'void noReturn()': Optional[FunctionSignature[name=noReturn, returnType=void, paramTypes=[]]]
SIG for 'int add(int a, int b)': Optional[FunctionSignature[name=add, returnType=int, paramTypes=[int, int]]]
SIG for 'double multiply(double a, double b)': Optional[FunctionSignature[name=multiply, returnType=double, paramTypes=[double, double]]]
SIG for 'bool isPositive(int n)': Optional[FunctionSignature[name=isPositive, returnType=bool, paramTypes=[int]]]
SIG for 'const char* greet(const char* name)': Optional[FunctionSignature[name=greet, returnType=const char*, paramTypes=[const char*]]]
SIG for 'int sumOfSquares(int a, int b)': Optional[FunctionSignature[name=sumOfSquares, returnType=int, paramTypes=[int, int]]]
SIG for 'double hypotenuse(double a, double b)': Optional[FunctionSignature[name=hypotenuse, returnType=double, paramTypes=[double, double]]]
SIG for 'int factorial(int n)': Optional[FunctionSignature[name=factorial, returnType=int, paramTypes=[int]]]
SIG for 'const char* emptyString(const char* s)': Optional[FunctionSignature[name=emptyString, returnType=const char*, paramTypes=[const char*]]]
SIG for 'void noReturn()': Optional[FunctionSignature[name=noReturn, returnType=void, paramTypes=[]]]
SIG for 'int add(int a, int b)': Optional[FunctionSignature[name=add, returnType=int, paramTypes=[int, int]]]
SIG for 'double multiply(double a, double b)': Optional[FunctionSignature[name=multiply, returnType=double, paramTypes=[double, double]]]
SIG for 'bool isPositive(int n)': Optional[FunctionSignature[name=isPositive, returnType=bool, paramTypes=[int]]]
SIG for 'const char* greet(const char* name)': Optional[FunctionSignature[name=greet, returnType=const char*, paramTypes=[const char*]]]
SIG for 'int sumOfSquares(int a, int b)': Optional[FunctionSignature[name=sumOfSquares, returnType=int, paramTypes=[int, int]]]
SIG for 'double hypotenuse(double a, double b)': Optional[FunctionSignature[name=hypotenuse, returnType=double, paramTypes=[double, double]]]
SIG for 'int factorial(int n)': Optional[FunctionSignature[name=factorial, returnType=int, paramTypes=[int]]]
SIG for 'const char* emptyString(const char* s)': Optional[FunctionSignature[name=emptyString, returnType=const char*, paramTypes=[const char*]]]
SIG for 'void noReturn()': Optional[FunctionSignature[name=noReturn, returnType=void, paramTypes=[]]]
SIG for 'int add(int a, int b)': Optional[FunctionSignature[name=add, returnType=int, paramTypes=[int, int]]]
SIG for 'double multiply(double a, double b)': Optional[FunctionSignature[name=multiply, returnType=double, paramTypes=[double, double]]]
SIG for 'bool isPositive(int n)': Optional[FunctionSignature[name=isPositive, returnType=bool, paramTypes=[int]]]
SIG for 'const char* greet(const char* name)': Optional[FunctionSignature[name=greet, returnType=const char*, paramTypes=[const char*]]]
SIG for 'int sumOfSquares(int a, int b)': Optional[FunctionSignature[name=sumOfSquares, returnType=int, paramTypes=[int, int]]]
SIG for 'double hypotenuse(double a, double b)': Optional[FunctionSignature[name=hypotenuse, returnType=double, paramTypes=[double, double]]]
SIG for 'int factorial(int n)': Optional[FunctionSignature[name=factorial, returnType=int, paramTypes=[int]]]
SIG for 'const char* emptyString(const char* s)': Optional[FunctionSignature[name=emptyString, returnType=const char*, paramTypes=[const char*]]]
SIG for 'void noReturn()': Optional[FunctionSignature[name=noReturn, returnType=void, paramTypes=[]]]
SIG for 'int add(int a, int b)': Optional[FunctionSignature[name=add, returnType=int, paramTypes=[int, int]]]
SIG for 'double multiply(double a, double b)': Optional[FunctionSignature[name=multiply, returnType=double, paramTypes=[double, double]]]
SIG for 'bool isPositive(int n)': Optional[FunctionSignature[name=isPositive, returnType=bool, paramTypes=[int]]]
SIG for 'const char* greet(const char* name)': Optional[FunctionSignature[name=greet, returnType=const char*, paramTypes=[const char*]]]
SIG for 'int sumOfSquares(int a, int b)': Optional[FunctionSignature[name=sumOfSquares, returnType=int, paramTypes=[int, int]]]
SIG for 'double hypotenuse(double a, double b)': Optional[FunctionSignature[name=hypotenuse, returnType=double, paramTypes=[double, double]]]
SIG for 'int factorial(int n)': Optional[FunctionSignature[name=factorial, returnType=int, paramTypes=[int]]]
SIG for 'const char* emptyString(const char* s)': Optional[FunctionSignature[name=emptyString, returnType=const char*, paramTypes=[const char*]]]
SIG for 'void noReturn()': Optional[FunctionSignature[name=noReturn, returnType=void, paramTypes=[]]]
SIG for 'int add(int a, int b)': Optional[FunctionSignature[name=add, returnType=int, paramTypes=[int, int]]]
SIG for 'double multiply(double a, double b)': Optional[FunctionSignature[name=multiply, returnType=double, paramTypes=[double, double]]]
SIG for 'bool isPositive(int n)': Optional[FunctionSignature[name=isPositive, returnType=bool, paramTypes=[int]]]
SIG for 'const char* greet(const char* name)': Optional[FunctionSignature[name=greet, returnType=const char*, paramTypes=[const char*]]]
SIG for 'int sumOfSquares(int a, int b)': Optional[FunctionSignature[name=sumOfSquares, returnType=int, paramTypes=[int, int]]]
SIG for 'double hypotenuse(double a, double b)': Optional[FunctionSignature[name=hypotenuse, returnType=double, paramTypes=[double, double]]]
SIG for 'int factorial(int n)': Optional[FunctionSignature[name=factorial, returnType=int, paramTypes=[int]]]
SIG for 'const char* emptyString(const char* s)': Optional[FunctionSignature[name=emptyString, returnType=const char*, paramTypes=[const char*]]]
SIG for 'void noReturn()': Optional[FunctionSignature[name=noReturn, returnType=void, paramTypes=[]]]
SIG for 'int add(int a, int b)': Optional[FunctionSignature[name=add, returnType=int, paramTypes=[int, int]]]
SIG for 'double multiply(double a, double b)': Optional[FunctionSignature[name=multiply, returnType=double, paramTypes=[double, double]]]
SIG for 'bool isPositive(int n)': Optional[FunctionSignature[name=isPositive, returnType=bool, paramTypes=[int]]]
SIG for 'const char* greet(const char* name)': Optional[FunctionSignature[name=greet, returnType=const char*, paramTypes=[const char*]]]
SIG for 'int sumOfSquares(int a, int b)': Optional[FunctionSignature[name=sumOfSquares, returnType=int, paramTypes=[int, int]]]
SIG for 'double hypotenuse(double a, double b)': Optional[FunctionSignature[name=hypotenuse, returnType=double, paramTypes=[double, double]]]
SIG for 'int factorial(int n)': Optional[FunctionSignature[name=factorial, returnType=int, paramTypes=[int]]]
SIG for 'const char* emptyString(const char* s)': Optional[FunctionSignature[name=emptyString, returnType=const char*, paramTypes=[const char*]]]
SIG for 'void noReturn()': Optional[FunctionSignature[name=noReturn, returnType=void, paramTypes=[]]]
SIG for 'int add(int a, int b)': Optional[FunctionSignature[name=add, returnType=int, paramTypes=[int, int]]]
SIG for 'double multiply(double a, double b)': Optional[FunctionSignature[name=multiply, returnType=double, paramTypes=[double, double]]]
SIG for 'bool isPositive(int n)': Optional[FunctionSignature[name=isPositive, returnType=bool, paramTypes=[int]]]
SIG for 'const char* greet(const char* name)': Optional[FunctionSignature[name=greet, returnType=const char*, paramTypes=[const char*]]]
SIG for 'int sumOfSquares(int a, int b)': Optional[FunctionSignature[name=sumOfSquares, returnType=int, paramTypes=[int, int]]]
SIG for 'double hypotenuse(double a, double b)': Optional[FunctionSignature[name=hypotenuse, returnType=double, paramTypes=[double, double]]]
SIG for 'int factorial(int n)': Optional[FunctionSignature[name=factorial, returnType=int, paramTypes=[int]]]
SIG for 'const char* emptyString(const char* s)': Optional[FunctionSignature[name=emptyString, returnType=const char*, paramTypes=[const char*]]]
SIG for 'void noReturn()': Optional[FunctionSignature[name=noReturn, returnType=void, paramTypes=[]]]
]]></system-out>
  <system-err><![CDATA[]]></system-err>
</testsuite>
